# JRE version: Java(TM) SE Runtime Environment (8.0_131-b11) (build 1.8.0_131-b11)
# Java VM: Java HotSpot(TM) 64-Bit Server VM (25.131-b11 mixed mode windows-amd64 compressed oops)
Heap:
 PSYoungGen      total 110080K, used 16069K [0x000000076c100000, 0x0000000775180000, 0x00000007c0000000)
  eden space 101888K, 8% used [0x000000076c100000,0x000000076c912dc0,0x0000000772480000)
  from space 8192K, 95% used [0x0000000774980000,0x000000077511e6b0,0x0000000775180000)
  to   space 10752K, 0% used [0x0000000773c80000,0x0000000773c80000,0x0000000774700000)
 ParOldGen       total 97792K, used 6671K [0x00000006c4200000, 0x00000006ca180000, 0x000000076c100000)
  object space 97792K, 6% used [0x00000006c4200000,0x00000006c4883d40,0x00000006ca180000)
 Metaspace       used 26961K, capacity 28682K, committed 29056K, reserved 1075200K
  class space    used 3553K, capacity 3897K, committed 3968K, reserved 1048576K
GC Heap History (10 events):
Event: 0.753 GC heap before
{Heap before GC invocations=1 (full 0):
 PSYoungGen      total 75264K, used 64512K [0x000000076c100000, 0x0000000771500000, 0x00000007c0000000)
  eden space 64512K, 100% used [0x000000076c100000,0x0000000770000000,0x0000000770000000)
  from space 10752K, 0% used [0x0000000770a80000,0x0000000770a80000,0x0000000771500000)
  to   space 10752K, 0% used [0x0000000770000000,0x0000000770000000,0x0000000770a80000)
 ParOldGen       total 172032K, used 0K [0x00000006c4200000, 0x00000006cea00000, 0x000000076c100000)
  object space 172032K, 0% used [0x00000006c4200000,0x00000006c4200000,0x00000006cea00000)
 Metaspace       used 13783K, capacity 14434K, committed 14592K, reserved 1062912K
  class space    used 1798K, capacity 1967K, committed 2048K, reserved 1048576K
Event: 0.758 GC heap after
Heap after GC invocations=1 (full 0):
 PSYoungGen      total 75264K, used 7516K [0x000000076c100000, 0x0000000771500000, 0x00000007c0000000)
  eden space 64512K, 0% used [0x000000076c100000,0x000000076c100000,0x0000000770000000)
  from space 10752K, 69% used [0x0000000770000000,0x0000000770757168,0x0000000770a80000)
  to   space 10752K, 0% used [0x0000000770a80000,0x0000000770a80000,0x0000000771500000)
 ParOldGen       total 172032K, used 16K [0x00000006c4200000, 0x00000006cea00000, 0x000000076c100000)
  object space 172032K, 0% used [0x00000006c4200000,0x00000006c4204000,0x00000006cea00000)
 Metaspace       used 13783K, capacity 14434K, committed 14592K, reserved 1062912K
  class space    used 1798K, capacity 1967K, committed 2048K, reserved 1048576K
}
Event: 0.968 GC heap before
{Heap before GC invocations=2 (full 0):
 PSYoungGen      total 75264K, used 72028K [0x000000076c100000, 0x0000000771500000, 0x00000007c0000000)
  eden space 64512K, 100% used [0x000000076c100000,0x0000000770000000,0x0000000770000000)
  from space 10752K, 69% used [0x0000000770000000,0x0000000770757168,0x0000000770a80000)
  to   space 10752K, 0% used [0x0000000770a80000,0x0000000770a80000,0x0000000771500000)
 ParOldGen       total 172032K, used 16K [0x00000006c4200000, 0x00000006cea00000, 0x000000076c100000)
  object space 172032K, 0% used [0x00000006c4200000,0x00000006c4204000,0x00000006cea00000)
 Metaspace       used 19324K, capacity 20276K, committed 20480K, reserved 1067008K
  class space    used 2524K, capacity 2738K, committed 2816K, reserved 1048576K
Event: 0.973 GC heap after
Heap after GC invocations=2 (full 0):
 PSYoungGen      total 75264K, used 10729K [0x000000076c100000, 0x0000000775400000, 0x00000007c0000000)
  eden space 64512K, 0% used [0x000000076c100000,0x000000076c100000,0x0000000770000000)
  from space 10752K, 99% used [0x0000000770a80000,0x00000007714fa4b0,0x0000000771500000)
  to   space 10752K, 0% used [0x0000000770000000,0x0000000770000000,0x0000000770a80000)
 ParOldGen       total 172032K, used 703K [0x00000006c4200000, 0x00000006cea00000, 0x000000076c100000)
  object space 172032K, 0% used [0x00000006c4200000,0x00000006c42afcc0,0x00000006cea00000)
 Metaspace       used 19324K, capacity 20276K, committed 20480K, reserved 1067008K
  class space    used 2524K, capacity 2738K, committed 2816K, reserved 1048576K
}
Event: 1.041 GC heap before
{Heap before GC invocations=3 (full 0):
 PSYoungGen      total 75264K, used 26612K [0x000000076c100000, 0x0000000775400000, 0x00000007c0000000)
  eden space 64512K, 24% used [0x000000076c100000,0x000000076d082c80,0x0000000770000000)
  from space 10752K, 99% used [0x0000000770a80000,0x00000007714fa4b0,0x0000000771500000)
  to   space 10752K, 0% used [0x0000000770000000,0x0000000770000000,0x0000000770a80000)
 ParOldGen       total 172032K, used 703K [0x00000006c4200000, 0x00000006cea00000, 0x000000076c100000)
  object space 172032K, 0% used [0x00000006c4200000,0x00000006c42afcc0,0x00000006cea00000)
 Metaspace       used 20255K, capacity 21182K, committed 21296K, reserved 1067008K
  class space    used 2655K, capacity 2857K, committed 2944K, reserved 1048576K
Event: 1.044 GC heap after
Heap after GC invocations=3 (full 0):
 PSYoungGen      total 75264K, used 6995K [0x000000076c100000, 0x0000000775400000, 0x00000007c0000000)
  eden space 64512K, 0% used [0x000000076c100000,0x000000076c100000,0x0000000770000000)
  from space 10752K, 65% used [0x0000000770000000,0x00000007706d4d60,0x0000000770a80000)
  to   space 10752K, 0% used [0x0000000774980000,0x0000000774980000,0x0000000775400000)
 ParOldGen       total 172032K, used 711K [0x00000006c4200000, 0x00000006cea00000, 0x000000076c100000)
  object space 172032K, 0% used [0x00000006c4200000,0x00000006c42b1cc0,0x00000006cea00000)
 Metaspace       used 20255K, capacity 21182K, committed 21296K, reserved 1067008K
  class space    used 2655K, capacity 2857K, committed 2944K, reserved 1048576K
}
Event: 1.044 GC heap before
{Heap before GC invocations=4 (full 1):
 PSYoungGen      total 75264K, used 6995K [0x000000076c100000, 0x0000000775400000, 0x00000007c0000000)
  eden space 64512K, 0% used [0x000000076c100000,0x000000076c100000,0x0000000770000000)
  from space 10752K, 65% used [0x0000000770000000,0x00000007706d4d60,0x0000000770a80000)
  to   space 10752K, 0% used [0x0000000774980000,0x0000000774980000,0x0000000775400000)
 ParOldGen       total 172032K, used 711K [0x00000006c4200000, 0x00000006cea00000, 0x000000076c100000)
  object space 172032K, 0% used [0x00000006c4200000,0x00000006c42b1cc0,0x00000006cea00000)
 Metaspace       used 20255K, capacity 21182K, committed 21296K, reserved 1067008K
  class space    used 2655K, capacity 2857K, committed 2944K, reserved 1048576K
Event: 1.061 GC heap after
Heap after GC invocations=4 (full 1):
 PSYoungGen      total 75264K, used 0K [0x000000076c100000, 0x0000000775400000, 0x00000007c0000000)
  eden space 64512K, 0% used [0x000000076c100000,0x000000076c100000,0x0000000770000000)
  from space 10752K, 0% used [0x0000000770000000,0x0000000770000000,0x0000000770a80000)
  to   space 10752K, 0% used [0x0000000774980000,0x0000000774980000,0x0000000775400000)
 ParOldGen       total 97792K, used 6663K [0x00000006c4200000, 0x00000006ca180000, 0x000000076c100000)
  object space 97792K, 6% used [0x00000006c4200000,0x00000006c4881d40,0x00000006ca180000)
 Metaspace       used 20255K, capacity 21182K, committed 21296K, reserved 1067008K
  class space    used 2655K, capacity 2857K, committed 2944K, reserved 1048576K
}
Event: 1.371 GC heap before
{Heap before GC invocations=5 (full 1):
 PSYoungGen      total 75264K, used 64512K [0x000000076c100000, 0x0000000775400000, 0x00000007c0000000)
  eden space 64512K, 100% used [0x000000076c100000,0x0000000770000000,0x0000000770000000)
  from space 10752K, 0% used [0x0000000770000000,0x0000000770000000,0x0000000770a80000)
  to   space 10752K, 0% used [0x0000000774980000,0x0000000774980000,0x0000000775400000)
 ParOldGen       total 97792K, used 6663K [0x00000006c4200000, 0x00000006ca180000, 0x000000076c100000)
  object space 97792K, 6% used [0x00000006c4200000,0x00000006c4881d40,0x00000006ca180000)
 Metaspace       used 26445K, capacity 28176K, committed 28288K, reserved 1073152K
  class space    used 3495K, capacity 3858K, committed 3968K, reserved 1048576K
Event: 1.375 GC heap after
Heap after GC invocations=5 (full 1):
 PSYoungGen      total 110080K, used 7801K [0x000000076c100000, 0x0000000775180000, 0x00000007c0000000)
  eden space 101888K, 0% used [0x000000076c100000,0x000000076c100000,0x0000000772480000)
  from space 8192K, 95% used [0x0000000774980000,0x000000077511e6b0,0x0000000775180000)
  to   space 10752K, 0% used [0x0000000773c80000,0x0000000773c80000,0x0000000774700000)
 ParOldGen       total 97792K, used 6671K [0x00000006c4200000, 0x00000006ca180000, 0x000000076c100000)
  object space 97792K, 6% used [0x00000006c4200000,0x00000006c4883d40,0x00000006ca180000)
 Metaspace       used 26445K, capacity 28176K, committed 28288K, reserved 1073152K
  class space    used 3495K, capacity 3858K, committed 3968K, reserved 1048576K
}

